{"contracts\\firstContract.sol":{"l":{"9":6,"13":1,"17":2},"path":"D:\\Documents\\Professional projects\\3METAD\\Solidity project\\contracts\\firstContract.sol","s":{"1":2},"b":{},"f":{"1":6,"2":1,"3":2},"fnMap":{"1":{"name":"constructor","line":8,"loc":{"start":{"line":8,"column":4},"end":{"line":10,"column":4}}},"2":{"name":"changeName","line":12,"loc":{"start":{"line":12,"column":4},"end":{"line":14,"column":4}}},"3":{"name":"getName","line":16,"loc":{"start":{"line":16,"column":4},"end":{"line":18,"column":4}}}},"statementMap":{"1":{"start":{"line":17,"column":8},"end":{"line":17,"column":19}}},"branchMap":{}}}